<?xml version="1.0" encoding="UTF-8"?>
<!-- Generated by org.testng.reporters.JUnitReportReporter -->
<testsuite hostname="TRRONM00007" failures="0" tests="5" name="SpotifyTests.PlaylistTests" time="3.989" errors="0" timestamp="2023-11-13T16:32:22 TRT" skipped="0">
  <testcase classname="SpotifyTests.PlaylistTests" name="shouldBeAbleToCreateAPlaylist" time="0.380"/>
  <testcase classname="SpotifyTests.PlaylistTests" name="shouldNotBeAbleToCreateAPlaylistWithoutName" time="0.163"/>
  <testcase classname="SpotifyTests.PlaylistTests" name="shouldBeAbleGetAPlaylist" time="3.029"/>
  <testcase classname="SpotifyTests.PlaylistTests" name="shouldBeAbleToUpdateAPlaylist" time="0.268"/>
  <testcase classname="SpotifyTests.PlaylistTests" name="shouldNotBeAbleToCreateAPlaylistWithoutValidToken" time="0.149"/>
</testsuite> <!-- SpotifyTests.PlaylistTests -->
